<?xml version="1.0" encoding="UTF-8"?>
<coverage generated="1631779701488" clover="3.2.0">
  <project timestamp="1631779701488" name="All files">
    <metrics statements="21" coveredstatements="3" conditionals="4" coveredconditionals="0" methods="10" coveredmethods="2" elements="35" coveredelements="5" complexity="0" loc="21" ncloc="21" packages="1" files="4" classes="4"/>
    <file name="App.js" path="D:\HTML\it_scramp\Kurs_webdev\15-09-2021\src\App.js">
      <metrics statements="14" coveredstatements="0" conditionals="4" coveredconditionals="0" methods="6" coveredmethods="0"/>
      <line num="4" count="0" type="stmt"/>
      <line num="5" count="0" type="stmt"/>
      <line num="6" count="0" type="stmt"/>
      <line num="12" count="0" type="stmt"/>
      <line num="13" count="0" type="stmt"/>
      <line num="14" count="0" type="stmt"/>
      <line num="16" count="0" type="stmt"/>
      <line num="17" count="0" type="stmt"/>
      <line num="18" count="0" type="stmt"/>
      <line num="19" count="0" type="stmt"/>
      <line num="21" count="0" type="stmt"/>
      <line num="24" count="0" type="stmt"/>
      <line num="25" count="0" type="stmt"/>
      <line num="28" count="0" type="stmt"/>
    </file>
    <file name="Input.js" path="D:\HTML\it_scramp\Kurs_webdev\15-09-2021\src\Input.js">
      <metrics statements="3" coveredstatements="0" conditionals="0" coveredconditionals="0" methods="2" coveredmethods="0"/>
      <line num="6" count="0" type="stmt"/>
      <line num="9" count="0" type="stmt"/>
      <line num="12" count="0" type="stmt"/>
    </file>
    <file name="Input1.js" path="D:\HTML\it_scramp\Kurs_webdev\15-09-2021\src\Input1.js">
      <metrics statements="3" coveredstatements="3" conditionals="0" coveredconditionals="0" methods="2" coveredmethods="2"/>
      <line num="5" count="16" type="stmt"/>
      <line num="8" count="11" type="stmt"/>
      <line num="11" count="16" type="stmt"/>
    </file>
    <file name="index.js" path="D:\HTML\it_scramp\Kurs_webdev\15-09-2021\src\index.js">
      <metrics statements="1" coveredstatements="0" conditionals="0" coveredconditionals="0" methods="0" coveredmethods="0"/>
      <line num="9" count="0" type="stmt"/>
    </file>
  </project>
</coverage>
