{"D:\\HTML\\it_scramp\\Kurs_webdev\\15-09-2021\\src\\App.js": {"path":"D:\\HTML\\it_scramp\\Kurs_webdev\\15-09-2021\\src\\App.js","statementMap":{"0":{"start":{"line":4,"column":16},"end":{"line":4,"column":61}},"1":{"start":{"line":4,"column":22},"end":{"line":4,"column":61}},"2":{"start":{"line":5,"column":15},"end":{"line":10,"column":1}},"3":{"start":{"line":6,"column":2},"end":{"line":9,"column":8}},"4":{"start":{"line":12,"column":12},"end":{"line":38,"column":1}},"5":{"start":{"line":13,"column":30},"end":{"line":13,"column":42}},"6":{"start":{"line":14,"column":26},"end":{"line":14,"column":38}},"7":{"start":{"line":16,"column":2},"end":{"line":22,"column":8}},"8":{"start":{"line":17,"column":22},"end":{"line":20,"column":6}},"9":{"start":{"line":18,"column":18},"end":{"line":18,"column":33}},"10":{"start":{"line":19,"column":5},"end":{"line":19,"column":19}},"11":{"start":{"line":21,"column":5},"end":{"line":21,"column":16}},"12":{"start":{"line":24,"column":23},"end":{"line":26,"column":3}},"13":{"start":{"line":25,"column":4},"end":{"line":25,"column":28}},"14":{"start":{"line":28,"column":2},"end":{"line":37,"column":4}}},"fnMap":{"0":{"name":"(anonymous_0)","decl":{"start":{"line":4,"column":16},"end":{"line":4,"column":17}},"loc":{"start":{"line":4,"column":22},"end":{"line":4,"column":61}},"line":4},"1":{"name":"(anonymous_1)","decl":{"start":{"line":5,"column":15},"end":{"line":5,"column":16}},"loc":{"start":{"line":6,"column":2},"end":{"line":9,"column":8}},"line":6},"2":{"name":"(anonymous_2)","decl":{"start":{"line":12,"column":12},"end":{"line":12,"column":13}},"loc":{"start":{"line":12,"column":18},"end":{"line":38,"column":1}},"line":12},"3":{"name":"(anonymous_3)","decl":{"start":{"line":16,"column":12},"end":{"line":16,"column":13}},"loc":{"start":{"line":16,"column":16},"end":{"line":22,"column":3}},"line":16},"4":{"name":"(anonymous_4)","decl":{"start":{"line":17,"column":22},"end":{"line":17,"column":23}},"loc":{"start":{"line":17,"column":32},"end":{"line":20,"column":6}},"line":17},"5":{"name":"(anonymous_5)","decl":{"start":{"line":24,"column":23},"end":{"line":24,"column":24}},"loc":{"start":{"line":24,"column":39},"end":{"line":26,"column":3}},"line":24}},"branchMap":{"0":{"loc":{"start":{"line":30,"column":7},"end":{"line":30,"column":48}},"type":"binary-expr","locations":[{"start":{"line":30,"column":7},"end":{"line":30,"column":11}},{"start":{"line":30,"column":15},"end":{"line":30,"column":48}}],"line":30},"1":{"loc":{"start":{"line":35,"column":23},"end":{"line":35,"column":46}},"type":"cond-expr","locations":[{"start":{"line":35,"column":32},"end":{"line":35,"column":38}},{"start":{"line":35,"column":41},"end":{"line":35,"column":46}}],"line":35}},"s":{"0":0,"1":0,"2":0,"3":0,"4":0,"5":0,"6":0,"7":0,"8":0,"9":0,"10":0,"11":0,"12":0,"13":0,"14":0},"f":{"0":0,"1":0,"2":0,"3":0,"4":0,"5":0},"b":{"0":[0,0],"1":[0,0]}}
,"D:\\HTML\\it_scramp\\Kurs_webdev\\15-09-2021\\src\\Input.js": {"path":"D:\\HTML\\it_scramp\\Kurs_webdev\\15-09-2021\\src\\Input.js","statementMap":{"0":{"start":{"line":6,"column":27},"end":{"line":6,"column":64}},"1":{"start":{"line":9,"column":6},"end":{"line":9,"column":34}},"2":{"start":{"line":12,"column":3},"end":{"line":15,"column":10}}},"fnMap":{"0":{"name":"Input","decl":{"start":{"line":5,"column":9},"end":{"line":5,"column":14}},"loc":{"start":{"line":5,"column":17},"end":{"line":16,"column":1}},"line":5},"1":{"name":"changeText","decl":{"start":{"line":8,"column":12},"end":{"line":8,"column":22}},"loc":{"start":{"line":8,"column":30},"end":{"line":10,"column":4}},"line":8}},"branchMap":{},"s":{"0":0,"1":0,"2":0},"f":{"0":0,"1":0},"b":{}}
,"D:\\HTML\\it_scramp\\Kurs_webdev\\15-09-2021\\src\\Input1.js": {"path":"D:\\HTML\\it_scramp\\Kurs_webdev\\15-09-2021\\src\\Input1.js","statementMap":{"0":{"start":{"line":5,"column":29},"end":{"line":5,"column":41}},"1":{"start":{"line":8,"column":6},"end":{"line":8,"column":35}},"2":{"start":{"line":11,"column":3},"end":{"line":21,"column":10}}},"fnMap":{"0":{"name":"Input1","decl":{"start":{"line":4,"column":9},"end":{"line":4,"column":15}},"loc":{"start":{"line":4,"column":18},"end":{"line":22,"column":1}},"line":4},"1":{"name":"changeText1","decl":{"start":{"line":7,"column":12},"end":{"line":7,"column":23}},"loc":{"start":{"line":7,"column":31},"end":{"line":9,"column":4}},"line":7}},"branchMap":{},"s":{"0":16,"1":11,"2":16},"f":{"0":16,"1":11},"b":{},"_coverageSchema":"1a1c01bbd47fc00a2c39e90264f33305004495a9","hash":"399a9b953f9abfd967a7105858df89bf192430af"}
,"D:\\HTML\\it_scramp\\Kurs_webdev\\15-09-2021\\src\\index.js": {"path":"D:\\HTML\\it_scramp\\Kurs_webdev\\15-09-2021\\src\\index.js","statementMap":{"0":{"start":{"line":9,"column":0},"end":{"line":16,"column":2}}},"fnMap":{},"branchMap":{},"s":{"0":0},"f":{},"b":{}}
}
